2025/10/07 11:09:22 [notice] 1#1: using the "epoll" event method
2025/10/07 11:09:22 [notice] 1#1: nginx/1.29.1
2025/10/07 11:09:22 [notice] 1#1: built by gcc 12.2.0 (Debian 12.2.0-14+deb12u1) 
2025/10/07 11:09:22 [notice] 1#1: OS: Linux 6.6.87.2-microsoft-standard-WSL2
2025/10/07 11:09:22 [notice] 1#1: getrlimit(RLIMIT_NOFILE): 1048576:1048576
2025/10/07 11:09:22 [notice] 1#1: start worker processes
2025/10/07 11:09:22 [notice] 1#1: start worker process 28
2025/10/07 11:09:22 [notice] 1#1: start worker process 29
2025/10/07 11:09:22 [notice] 1#1: start worker process 30
2025/10/07 11:09:22 [notice] 1#1: start worker process 31
2025/10/07 11:09:42 [error] 29#29: *1 connect() failed (111: Connection refused) while connecting to upstream, client: 172.19.0.1, server: localhost, request: "GET / HTTP/1.1", upstream: "fastcgi://172.19.0.3:9000", host: "localhost:8080"
2025/10/07 11:10:11 [notice] 1#1: signal 3 (SIGQUIT) received, shutting down
2025/10/07 11:10:11 [notice] 29#29: gracefully shutting down
2025/10/07 11:10:11 [notice] 31#31: gracefully shutting down
2025/10/07 11:10:11 [notice] 31#31: exiting
2025/10/07 11:10:11 [notice] 31#31: exit
2025/10/07 11:10:11 [notice] 28#28: gracefully shutting down
2025/10/07 11:10:11 [notice] 28#28: exiting
2025/10/07 11:10:11 [notice] 28#28: exit
2025/10/07 11:10:11 [notice] 30#30: gracefully shutting down
2025/10/07 11:10:11 [notice] 30#30: exiting
2025/10/07 11:10:11 [notice] 30#30: exit
2025/10/07 11:10:11 [notice] 29#29: exiting
2025/10/07 11:10:11 [notice] 29#29: exit
2025/10/07 11:10:11 [notice] 1#1: signal 17 (SIGCHLD) received from 28
2025/10/07 11:10:11 [notice] 1#1: worker process 28 exited with code 0
2025/10/07 11:10:11 [notice] 1#1: signal 29 (SIGIO) received
2025/10/07 11:10:11 [notice] 1#1: signal 17 (SIGCHLD) received from 30
2025/10/07 11:10:11 [notice] 1#1: worker process 30 exited with code 0
2025/10/07 11:10:11 [notice] 1#1: signal 29 (SIGIO) received
2025/10/07 11:10:11 [notice] 1#1: signal 17 (SIGCHLD) received from 29
2025/10/07 11:10:11 [notice] 1#1: worker process 29 exited with code 0
2025/10/07 11:10:11 [notice] 1#1: worker process 31 exited with code 0
2025/10/07 11:10:11 [notice] 1#1: exit
2025/10/07 11:10:18 [notice] 1#1: using the "epoll" event method
2025/10/07 11:10:18 [notice] 1#1: nginx/1.29.1
2025/10/07 11:10:18 [notice] 1#1: built by gcc 12.2.0 (Debian 12.2.0-14+deb12u1) 
2025/10/07 11:10:18 [notice] 1#1: OS: Linux 6.6.87.2-microsoft-standard-WSL2
2025/10/07 11:10:18 [notice] 1#1: getrlimit(RLIMIT_NOFILE): 1048576:1048576
2025/10/07 11:10:18 [notice] 1#1: start worker processes
2025/10/07 11:10:18 [notice] 1#1: start worker process 28
2025/10/07 11:10:18 [notice] 1#1: start worker process 29
2025/10/07 11:10:18 [notice] 1#1: start worker process 30
2025/10/07 11:10:18 [notice] 1#1: start worker process 31
2025/10/07 11:11:51 [notice] 1#1: signal 3 (SIGQUIT) received, shutting down
2025/10/07 11:11:51 [notice] 29#29: gracefully shutting down
2025/10/07 11:11:51 [notice] 29#29: exiting
2025/10/07 11:11:51 [notice] 28#28: gracefully shutting down
2025/10/07 11:11:51 [notice] 28#28: exiting
2025/10/07 11:11:51 [notice] 29#29: exit
2025/10/07 11:11:51 [notice] 28#28: exit
2025/10/07 11:11:51 [notice] 30#30: gracefully shutting down
2025/10/07 11:11:51 [notice] 30#30: exiting
2025/10/07 11:11:51 [notice] 30#30: exit
2025/10/07 11:11:51 [notice] 31#31: gracefully shutting down
2025/10/07 11:11:51 [notice] 31#31: exiting
2025/10/07 11:11:51 [notice] 31#31: exit
2025/10/07 11:11:51 [notice] 1#1: signal 17 (SIGCHLD) received from 31
2025/10/07 11:11:51 [notice] 1#1: worker process 28 exited with code 0
2025/10/07 11:11:51 [notice] 1#1: worker process 30 exited with code 0
2025/10/07 11:11:51 [notice] 1#1: worker process 31 exited with code 0
2025/10/07 11:11:51 [notice] 1#1: signal 29 (SIGIO) received
2025/10/07 11:11:51 [notice] 1#1: signal 17 (SIGCHLD) received from 29
2025/10/07 11:11:51 [notice] 1#1: worker process 29 exited with code 0
2025/10/07 11:11:51 [notice] 1#1: exit
2025/10/07 11:12:19 [notice] 1#1: using the "epoll" event method
2025/10/07 11:12:19 [notice] 1#1: nginx/1.29.1
2025/10/07 11:12:19 [notice] 1#1: built by gcc 12.2.0 (Debian 12.2.0-14+deb12u1) 
2025/10/07 11:12:19 [notice] 1#1: OS: Linux 6.6.87.2-microsoft-standard-WSL2
2025/10/07 11:12:19 [notice] 1#1: getrlimit(RLIMIT_NOFILE): 1048576:1048576
2025/10/07 11:12:19 [notice] 1#1: start worker processes
2025/10/07 11:12:19 [notice] 1#1: start worker process 28
2025/10/07 11:12:19 [notice] 1#1: start worker process 29
2025/10/07 11:12:19 [notice] 1#1: start worker process 30
2025/10/07 11:12:19 [notice] 1#1: start worker process 31
2025/10/07 11:12:24 [notice] 1#1: signal 3 (SIGQUIT) received, shutting down
2025/10/07 11:12:24 [notice] 29#29: gracefully shutting down
2025/10/07 11:12:24 [notice] 29#29: exiting
2025/10/07 11:12:24 [notice] 29#29: exit
2025/10/07 11:12:24 [notice] 30#30: gracefully shutting down
2025/10/07 11:12:24 [notice] 30#30: exiting
2025/10/07 11:12:24 [notice] 30#30: exit
2025/10/07 11:12:24 [notice] 31#31: gracefully shutting down
2025/10/07 11:12:24 [notice] 31#31: exiting
2025/10/07 11:12:24 [notice] 31#31: exit
2025/10/07 11:12:24 [notice] 28#28: gracefully shutting down
2025/10/07 11:12:24 [notice] 28#28: exiting
2025/10/07 11:12:24 [notice] 28#28: exit
2025/10/07 11:12:24 [notice] 1#1: signal 17 (SIGCHLD) received from 30
2025/10/07 11:12:24 [notice] 1#1: worker process 30 exited with code 0
2025/10/07 11:12:24 [notice] 1#1: signal 29 (SIGIO) received
2025/10/07 11:12:24 [notice] 1#1: signal 17 (SIGCHLD) received from 29
2025/10/07 11:12:24 [notice] 1#1: worker process 29 exited with code 0
2025/10/07 11:12:24 [notice] 1#1: signal 29 (SIGIO) received
2025/10/07 11:12:24 [notice] 1#1: signal 17 (SIGCHLD) received from 31
2025/10/07 11:12:24 [notice] 1#1: worker process 31 exited with code 0
2025/10/07 11:12:24 [notice] 1#1: signal 29 (SIGIO) received
2025/10/07 11:12:24 [notice] 1#1: signal 17 (SIGCHLD) received from 28
2025/10/07 11:12:24 [notice] 1#1: worker process 28 exited with code 0
2025/10/07 11:12:24 [notice] 1#1: exit
2025/10/07 11:12:32 [notice] 1#1: using the "epoll" event method
2025/10/07 11:12:32 [notice] 1#1: nginx/1.29.1
2025/10/07 11:12:32 [notice] 1#1: built by gcc 12.2.0 (Debian 12.2.0-14+deb12u1) 
2025/10/07 11:12:32 [notice] 1#1: OS: Linux 6.6.87.2-microsoft-standard-WSL2
2025/10/07 11:12:32 [notice] 1#1: getrlimit(RLIMIT_NOFILE): 1048576:1048576
2025/10/07 11:12:32 [notice] 1#1: start worker processes
2025/10/07 11:12:32 [notice] 1#1: start worker process 28
2025/10/07 11:12:32 [notice] 1#1: start worker process 29
2025/10/07 11:12:32 [notice] 1#1: start worker process 30
2025/10/07 11:12:32 [notice] 1#1: start worker process 31
2025/10/07 11:12:39 [error] 29#29: *1 connect() failed (111: Connection refused) while connecting to upstream, client: 172.19.0.1, server: localhost, request: "GET / HTTP/1.1", upstream: "fastcgi://172.19.0.3:9000", host: "localhost:8080"
2025/10/07 11:13:08 [error] 29#29: *1 connect() failed (111: Connection refused) while connecting to upstream, client: 172.19.0.1, server: localhost, request: "GET / HTTP/1.1", upstream: "fastcgi://172.19.0.3:9000", host: "localhost:8080"
2025/10/07 11:12:42 [error] 29#29: *1 connect() failed (111: Connection refused) while connecting to upstream, client: 172.19.0.1, server: localhost, request: "GET / HTTP/1.1", upstream: "fastcgi://172.19.0.3:9000", host: "localhost:8080"
2025/10/07 11:12:43 [error] 29#29: *1 connect() failed (111: Connection refused) while connecting to upstream, client: 172.19.0.1, server: localhost, request: "GET / HTTP/1.1", upstream: "fastcgi://172.19.0.3:9000", host: "localhost:8080"
2025/10/07 11:18:27 [notice] 1#1: signal 3 (SIGQUIT) received, shutting down
2025/10/07 11:18:27 [notice] 28#28: gracefully shutting down
2025/10/07 11:18:27 [notice] 30#30: gracefully shutting down
2025/10/07 11:18:27 [notice] 28#28: exiting
2025/10/07 11:18:27 [notice] 30#30: exiting
2025/10/07 11:18:27 [notice] 28#28: exit
2025/10/07 11:18:27 [notice] 30#30: exit
2025/10/07 11:18:27 [notice] 31#31: gracefully shutting down
2025/10/07 11:18:27 [notice] 31#31: exiting
2025/10/07 11:18:27 [notice] 31#31: exit
2025/10/07 11:18:27 [notice] 29#29: gracefully shutting down
2025/10/07 11:18:27 [notice] 29#29: exiting
2025/10/07 11:18:27 [notice] 29#29: exit
2025/10/07 11:18:28 [notice] 1#1: signal 17 (SIGCHLD) received from 31
2025/10/07 11:18:28 [notice] 1#1: worker process 28 exited with code 0
2025/10/07 11:18:28 [notice] 1#1: worker process 30 exited with code 0
2025/10/07 11:18:28 [notice] 1#1: worker process 31 exited with code 0
2025/10/07 11:18:28 [notice] 1#1: signal 29 (SIGIO) received
2025/10/07 11:18:28 [notice] 1#1: signal 17 (SIGCHLD) received from 29
2025/10/07 11:18:28 [notice] 1#1: worker process 29 exited with code 0
2025/10/07 11:18:28 [notice] 1#1: exit
2025/10/07 11:18:56 [notice] 1#1: using the "epoll" event method
2025/10/07 11:18:56 [notice] 1#1: nginx/1.29.1
2025/10/07 11:18:56 [notice] 1#1: built by gcc 12.2.0 (Debian 12.2.0-14+deb12u1) 
2025/10/07 11:18:56 [notice] 1#1: OS: Linux 6.6.87.2-microsoft-standard-WSL2
2025/10/07 11:18:56 [notice] 1#1: getrlimit(RLIMIT_NOFILE): 1048576:1048576
2025/10/07 11:18:56 [notice] 1#1: start worker processes
2025/10/07 11:18:56 [notice] 1#1: start worker process 28
2025/10/07 11:18:56 [notice] 1#1: start worker process 29
2025/10/07 11:18:56 [notice] 1#1: start worker process 30
2025/10/07 11:18:56 [notice] 1#1: start worker process 31
